{"D:\\SkyDrive\\Semester06\\AusgewaehlteKapitelWeb\\pokerTDD\\src\\src.js":{"path":"D:\\SkyDrive\\Semester06\\AusgewaehlteKapitelWeb\\pokerTDD\\src\\src.js","s":{"1":1,"2":1,"3":16,"4":16,"5":16,"6":1,"7":106,"8":440,"9":90,"10":350,"11":278,"12":72,"13":1,"14":51,"15":51,"16":51,"17":13,"18":38,"19":2,"20":2,"21":36,"22":17,"23":11,"24":17,"25":17,"26":19,"27":1,"28":12,"29":12,"30":12,"31":2,"32":10,"33":2,"34":8,"35":1,"36":10,"37":10,"38":10,"39":3,"40":7,"41":1,"42":6,"43":1,"44":2,"45":2,"46":1,"47":1,"48":1,"49":11,"50":11,"51":11,"52":1,"53":10,"54":1,"55":9,"56":3,"57":6,"58":1,"59":2,"60":2,"61":2,"62":2,"63":1,"64":1,"65":1,"66":3,"67":3,"68":3,"69":7,"70":7,"71":7,"72":1,"73":6,"74":1,"75":1,"76":1,"77":3,"78":3,"79":3,"80":3,"81":3,"82":1,"83":2,"84":1,"85":1,"86":1},"b":{"1":[16,8],"2":[90,350],"3":[278,72],"4":[51,13],"5":[13,38],"6":[2,36],"7":[38,38,19,10],"8":[17,19],"9":[36,36],"10":[11,6],"11":[12,4],"12":[2,10],"13":[2,8],"14":[10,10],"15":[10,10],"16":[3,7],"17":[1,6],"18":[1,1],"19":[2,2],"20":[11,8],"21":[1,10],"22":[11,1],"23":[1,9],"24":[3,6],"25":[9,8],"26":[1,1],"27":[2,2],"28":[1,6],"29":[1,5],"30":[1,2],"31":[1,1]},"f":{"1":24,"2":16,"3":106,"4":440,"5":51,"6":12,"7":10,"8":2,"9":11,"10":2,"11":3,"12":3},"fnMap":{"1":{"name":"Poker","line":1,"loc":{"start":{"line":1,"column":-15},"end":{"line":1,"column":17}}},"2":{"name":"(anonymous_2)","line":3,"loc":{"start":{"line":3,"column":33},"end":{"line":3,"column":59}}},"3":{"name":"(anonymous_3)","line":10,"loc":{"start":{"line":10,"column":17},"end":{"line":10,"column":32}}},"4":{"name":"(anonymous_4)","line":11,"loc":{"start":{"line":11,"column":11},"end":{"line":11,"column":36}}},"5":{"name":"(anonymous_5)","line":22,"loc":{"start":{"line":22,"column":34},"end":{"line":22,"column":58}}},"6":{"name":"(anonymous_6)","line":40,"loc":{"start":{"line":40,"column":35},"end":{"line":40,"column":54}}},"7":{"name":"(anonymous_7)","line":49,"loc":{"start":{"line":49,"column":32},"end":{"line":49,"column":57}}},"8":{"name":"(anonymous_8)","line":58,"loc":{"start":{"line":58,"column":36},"end":{"line":58,"column":51}}},"9":{"name":"(anonymous_9)","line":64,"loc":{"start":{"line":64,"column":38},"end":{"line":64,"column":60}}},"10":{"name":"(anonymous_10)","line":74,"loc":{"start":{"line":74,"column":40},"end":{"line":74,"column":55}}},"11":{"name":"(anonymous_11)","line":86,"loc":{"start":{"line":86,"column":38},"end":{"line":86,"column":60}}},"12":{"name":"(anonymous_12)","line":104,"loc":{"start":{"line":104,"column":37},"end":{"line":104,"column":60}}}},"statementMap":{"1":{"start":{"line":1,"column":-15},"end":{"line":1,"column":19}},"2":{"start":{"line":3,"column":0},"end":{"line":8,"column":2}},"3":{"start":{"line":4,"column":1},"end":{"line":4,"column":28}},"4":{"start":{"line":5,"column":1},"end":{"line":5,"column":22}},"5":{"start":{"line":7,"column":1},"end":{"line":7,"column":26}},"6":{"start":{"line":10,"column":0},"end":{"line":20,"column":2}},"7":{"start":{"line":11,"column":1},"end":{"line":19,"column":4}},"8":{"start":{"line":13,"column":2},"end":{"line":17,"column":3}},"9":{"start":{"line":14,"column":3},"end":{"line":14,"column":13}},"10":{"start":{"line":15,"column":9},"end":{"line":17,"column":3}},"11":{"start":{"line":16,"column":3},"end":{"line":16,"column":12}},"12":{"start":{"line":18,"column":2},"end":{"line":18,"column":11}},"13":{"start":{"line":22,"column":0},"end":{"line":38,"column":2}},"14":{"start":{"line":23,"column":1},"end":{"line":23,"column":29}},"15":{"start":{"line":25,"column":1},"end":{"line":25,"column":22}},"16":{"start":{"line":27,"column":1},"end":{"line":37,"column":74}},"17":{"start":{"line":27,"column":22},"end":{"line":27,"column":37}},"18":{"start":{"line":28,"column":6},"end":{"line":37,"column":74}},"19":{"start":{"line":29,"column":2},"end":{"line":29,"column":35}},"20":{"start":{"line":30,"column":2},"end":{"line":30,"column":70}},"21":{"start":{"line":32,"column":6},"end":{"line":37,"column":74}},"22":{"start":{"line":33,"column":2},"end":{"line":33,"column":67}},"23":{"start":{"line":33,"column":46},"end":{"line":33,"column":67}},"24":{"start":{"line":34,"column":2},"end":{"line":34,"column":37}},"25":{"start":{"line":35,"column":2},"end":{"line":35,"column":70}},"26":{"start":{"line":37,"column":6},"end":{"line":37,"column":74}},"27":{"start":{"line":40,"column":0},"end":{"line":47,"column":2}},"28":{"start":{"line":41,"column":1},"end":{"line":41,"column":20}},"29":{"start":{"line":42,"column":1},"end":{"line":42,"column":22}},"30":{"start":{"line":44,"column":1},"end":{"line":46,"column":84}},"31":{"start":{"line":44,"column":22},"end":{"line":44,"column":46}},"32":{"start":{"line":45,"column":6},"end":{"line":46,"column":84}},"33":{"start":{"line":45,"column":77},"end":{"line":45,"column":86}},"34":{"start":{"line":46,"column":6},"end":{"line":46,"column":84}},"35":{"start":{"line":49,"column":0},"end":{"line":56,"column":2}},"36":{"start":{"line":50,"column":1},"end":{"line":50,"column":36}},"37":{"start":{"line":51,"column":1},"end":{"line":51,"column":25}},"38":{"start":{"line":53,"column":1},"end":{"line":55,"column":76}},"39":{"start":{"line":53,"column":25},"end":{"line":53,"column":46}},"40":{"start":{"line":54,"column":6},"end":{"line":55,"column":76}},"41":{"start":{"line":54,"column":34},"end":{"line":54,"column":43}},"42":{"start":{"line":55,"column":6},"end":{"line":55,"column":76}},"43":{"start":{"line":58,"column":0},"end":{"line":62,"column":2}},"44":{"start":{"line":59,"column":1},"end":{"line":59,"column":42}},"45":{"start":{"line":60,"column":1},"end":{"line":60,"column":97}},"46":{"start":{"line":60,"column":75},"end":{"line":60,"column":97}},"47":{"start":{"line":61,"column":1},"end":{"line":61,"column":10}},"48":{"start":{"line":64,"column":0},"end":{"line":72,"column":2}},"49":{"start":{"line":65,"column":1},"end":{"line":65,"column":22}},"50":{"start":{"line":67,"column":1},"end":{"line":67,"column":24}},"51":{"start":{"line":68,"column":1},"end":{"line":70,"column":143}},"52":{"start":{"line":68,"column":36},"end":{"line":68,"column":45}},"53":{"start":{"line":69,"column":6},"end":{"line":70,"column":143}},"54":{"start":{"line":69,"column":22},"end":{"line":69,"column":44}},"55":{"start":{"line":70,"column":6},"end":{"line":70,"column":143}},"56":{"start":{"line":70,"column":71},"end":{"line":70,"column":143}},"57":{"start":{"line":71,"column":1},"end":{"line":71,"column":64}},"58":{"start":{"line":74,"column":0},"end":{"line":84,"column":2}},"59":{"start":{"line":75,"column":1},"end":{"line":75,"column":31}},"60":{"start":{"line":76,"column":1},"end":{"line":76,"column":43}},"61":{"start":{"line":77,"column":1},"end":{"line":77,"column":44}},"62":{"start":{"line":79,"column":1},"end":{"line":81,"column":2}},"63":{"start":{"line":80,"column":2},"end":{"line":80,"column":38}},"64":{"start":{"line":83,"column":1},"end":{"line":83,"column":10}},"65":{"start":{"line":86,"column":0},"end":{"line":102,"column":2}},"66":{"start":{"line":87,"column":1},"end":{"line":87,"column":31}},"67":{"start":{"line":88,"column":1},"end":{"line":88,"column":32}},"68":{"start":{"line":90,"column":1},"end":{"line":100,"column":2}},"69":{"start":{"line":91,"column":2},"end":{"line":91,"column":55}},"70":{"start":{"line":92,"column":2},"end":{"line":92,"column":56}},"71":{"start":{"line":93,"column":2},"end":{"line":99,"column":3}},"72":{"start":{"line":95,"column":3},"end":{"line":95,"column":56}},"73":{"start":{"line":97,"column":7},"end":{"line":99,"column":3}},"74":{"start":{"line":98,"column":3},"end":{"line":98,"column":57}},"75":{"start":{"line":101,"column":1},"end":{"line":101,"column":11}},"76":{"start":{"line":104,"column":0},"end":{"line":118,"column":2}},"77":{"start":{"line":105,"column":1},"end":{"line":105,"column":65}},"78":{"start":{"line":106,"column":1},"end":{"line":106,"column":65}},"79":{"start":{"line":108,"column":1},"end":{"line":108,"column":23}},"80":{"start":{"line":109,"column":1},"end":{"line":109,"column":23}},"81":{"start":{"line":111,"column":1},"end":{"line":115,"column":2}},"82":{"start":{"line":112,"column":2},"end":{"line":112,"column":49}},"83":{"start":{"line":113,"column":8},"end":{"line":115,"column":2}},"84":{"start":{"line":114,"column":2},"end":{"line":114,"column":49}},"85":{"start":{"line":117,"column":1},"end":{"line":117,"column":11}},"86":{"start":{"line":120,"column":0},"end":{"line":120,"column":23}}},"branchMap":{"1":{"line":4,"type":"binary-expr","locations":[{"start":{"line":4,"column":13},"end":{"line":4,"column":22}},{"start":{"line":4,"column":26},"end":{"line":4,"column":27}}]},"2":{"line":13,"type":"if","locations":[{"start":{"line":13,"column":2},"end":{"line":13,"column":2}},{"start":{"line":13,"column":2},"end":{"line":13,"column":2}}]},"3":{"line":15,"type":"if","locations":[{"start":{"line":15,"column":9},"end":{"line":15,"column":9}},{"start":{"line":15,"column":9},"end":{"line":15,"column":9}}]},"4":{"line":23,"type":"binary-expr","locations":[{"start":{"line":23,"column":15},"end":{"line":23,"column":22}},{"start":{"line":23,"column":26},"end":{"line":23,"column":28}}]},"5":{"line":27,"type":"if","locations":[{"start":{"line":27,"column":1},"end":{"line":27,"column":1}},{"start":{"line":27,"column":1},"end":{"line":27,"column":1}}]},"6":{"line":28,"type":"if","locations":[{"start":{"line":28,"column":6},"end":{"line":28,"column":6}},{"start":{"line":28,"column":6},"end":{"line":28,"column":6}}]},"7":{"line":28,"type":"binary-expr","locations":[{"start":{"line":28,"column":9},"end":{"line":28,"column":40}},{"start":{"line":28,"column":44},"end":{"line":28,"column":69}},{"start":{"line":28,"column":73},"end":{"line":28,"column":104}},{"start":{"line":28,"column":108},"end":{"line":28,"column":133}}]},"8":{"line":32,"type":"if","locations":[{"start":{"line":32,"column":6},"end":{"line":32,"column":6}},{"start":{"line":32,"column":6},"end":{"line":32,"column":6}}]},"9":{"line":32,"type":"binary-expr","locations":[{"start":{"line":32,"column":9},"end":{"line":32,"column":40}},{"start":{"line":32,"column":44},"end":{"line":32,"column":69}}]},"10":{"line":33,"type":"if","locations":[{"start":{"line":33,"column":2},"end":{"line":33,"column":2}},{"start":{"line":33,"column":2},"end":{"line":33,"column":2}}]},"11":{"line":41,"type":"binary-expr","locations":[{"start":{"line":41,"column":11},"end":{"line":41,"column":14}},{"start":{"line":41,"column":18},"end":{"line":41,"column":19}}]},"12":{"line":44,"type":"if","locations":[{"start":{"line":44,"column":1},"end":{"line":44,"column":1}},{"start":{"line":44,"column":1},"end":{"line":44,"column":1}}]},"13":{"line":45,"type":"if","locations":[{"start":{"line":45,"column":6},"end":{"line":45,"column":6}},{"start":{"line":45,"column":6},"end":{"line":45,"column":6}}]},"14":{"line":45,"type":"binary-expr","locations":[{"start":{"line":45,"column":9},"end":{"line":45,"column":40}},{"start":{"line":45,"column":44},"end":{"line":45,"column":75}}]},"15":{"line":50,"type":"binary-expr","locations":[{"start":{"line":50,"column":13},"end":{"line":50,"column":18}},{"start":{"line":50,"column":22},"end":{"line":50,"column":35}}]},"16":{"line":53,"type":"if","locations":[{"start":{"line":53,"column":1},"end":{"line":53,"column":1}},{"start":{"line":53,"column":1},"end":{"line":53,"column":1}}]},"17":{"line":54,"type":"if","locations":[{"start":{"line":54,"column":6},"end":{"line":54,"column":6}},{"start":{"line":54,"column":6},"end":{"line":54,"column":6}}]},"18":{"line":60,"type":"if","locations":[{"start":{"line":60,"column":1},"end":{"line":60,"column":1}},{"start":{"line":60,"column":1},"end":{"line":60,"column":1}}]},"19":{"line":60,"type":"binary-expr","locations":[{"start":{"line":60,"column":4},"end":{"line":60,"column":37}},{"start":{"line":60,"column":41},"end":{"line":60,"column":73}}]},"20":{"line":67,"type":"binary-expr","locations":[{"start":{"line":67,"column":13},"end":{"line":67,"column":18}},{"start":{"line":67,"column":22},"end":{"line":67,"column":23}}]},"21":{"line":68,"type":"if","locations":[{"start":{"line":68,"column":1},"end":{"line":68,"column":1}},{"start":{"line":68,"column":1},"end":{"line":68,"column":1}}]},"22":{"line":68,"type":"binary-expr","locations":[{"start":{"line":68,"column":4},"end":{"line":68,"column":19}},{"start":{"line":68,"column":23},"end":{"line":68,"column":34}}]},"23":{"line":69,"type":"if","locations":[{"start":{"line":69,"column":6},"end":{"line":69,"column":6}},{"start":{"line":69,"column":6},"end":{"line":69,"column":6}}]},"24":{"line":70,"type":"if","locations":[{"start":{"line":70,"column":6},"end":{"line":70,"column":6}},{"start":{"line":70,"column":6},"end":{"line":70,"column":6}}]},"25":{"line":70,"type":"binary-expr","locations":[{"start":{"line":70,"column":9},"end":{"line":70,"column":40}},{"start":{"line":70,"column":44},"end":{"line":70,"column":69}}]},"26":{"line":79,"type":"if","locations":[{"start":{"line":79,"column":1},"end":{"line":79,"column":1}},{"start":{"line":79,"column":1},"end":{"line":79,"column":1}}]},"27":{"line":79,"type":"binary-expr","locations":[{"start":{"line":79,"column":4},"end":{"line":79,"column":13}},{"start":{"line":79,"column":17},"end":{"line":79,"column":29}}]},"28":{"line":93,"type":"if","locations":[{"start":{"line":93,"column":2},"end":{"line":93,"column":2}},{"start":{"line":93,"column":2},"end":{"line":93,"column":2}}]},"29":{"line":97,"type":"if","locations":[{"start":{"line":97,"column":7},"end":{"line":97,"column":7}},{"start":{"line":97,"column":7},"end":{"line":97,"column":7}}]},"30":{"line":111,"type":"if","locations":[{"start":{"line":111,"column":1},"end":{"line":111,"column":1}},{"start":{"line":111,"column":1},"end":{"line":111,"column":1}}]},"31":{"line":113,"type":"if","locations":[{"start":{"line":113,"column":8},"end":{"line":113,"column":8}},{"start":{"line":113,"column":8},"end":{"line":113,"column":8}}]}}}}