{"D:\\SkyDrive\\Semester06\\AusgewaehlteKapitelWeb\\pokerTDD\\src\\src.js":{"path":"D:\\SkyDrive\\Semester06\\AusgewaehlteKapitelWeb\\pokerTDD\\src\\src.js","s":{"1":1,"2":1,"3":1,"4":1,"5":1,"6":1,"7":1,"8":10,"9":0,"10":10,"11":10,"12":0,"13":1,"14":0,"15":0,"16":0,"17":0,"18":0,"19":0,"20":0,"21":0,"22":0,"23":0,"24":1,"25":0,"26":0,"27":0,"28":1,"29":0,"30":0,"31":0,"32":0,"33":0,"34":1,"35":0,"36":0,"37":0,"38":0,"39":0,"40":0,"41":0,"42":1,"43":0,"44":0,"45":0,"46":0,"47":0,"48":1,"49":0,"50":0,"51":0,"52":0,"53":0,"54":0,"55":1,"56":0,"57":0,"58":0,"59":0,"60":0,"61":1,"62":0,"63":0,"64":0,"65":0,"66":0,"67":1,"68":0,"69":0,"70":0,"71":0,"72":0,"73":0,"74":0,"75":0,"76":0,"77":0,"78":1,"79":0,"80":0,"81":0,"82":0,"83":0,"84":0,"85":0,"86":1},"b":{"1":[1,1],"2":[0,10],"3":[10,0],"4":[0,0],"5":[0,0],"6":[0,0],"7":[0,0],"8":[0,0],"9":[0,0],"10":[0,0],"11":[0,0],"12":[0,0],"13":[0,0],"14":[0,0,0,0],"15":[0,0],"16":[0,0],"17":[0,0],"18":[0,0],"19":[0,0],"20":[0,0],"21":[0,0]},"f":{"1":3,"2":1,"3":1,"4":10,"5":0,"6":0,"7":0,"8":0,"9":0,"10":0,"11":0,"12":0,"13":0,"14":0},"fnMap":{"1":{"name":"Poker","line":1,"loc":{"start":{"line":1,"column":-15},"end":{"line":1,"column":17}}},"2":{"name":"(anonymous_2)","line":3,"loc":{"start":{"line":3,"column":33},"end":{"line":3,"column":59}}},"3":{"name":"(anonymous_3)","line":10,"loc":{"start":{"line":10,"column":17},"end":{"line":10,"column":32}}},"4":{"name":"(anonymous_4)","line":11,"loc":{"start":{"line":11,"column":11},"end":{"line":11,"column":36}}},"5":{"name":"(anonymous_5)","line":22,"loc":{"start":{"line":22,"column":31},"end":{"line":22,"column":57}}},"6":{"name":"(anonymous_6)","line":41,"loc":{"start":{"line":41,"column":34},"end":{"line":41,"column":49}}},"7":{"name":"(anonymous_7)","line":48,"loc":{"start":{"line":48,"column":33},"end":{"line":48,"column":48}}},"8":{"name":"(anonymous_8)","line":60,"loc":{"start":{"line":60,"column":35},"end":{"line":60,"column":49}}},"9":{"name":"(anonymous_9)","line":73,"loc":{"start":{"line":73,"column":32},"end":{"line":73,"column":47}}},"10":{"name":"(anonymous_10)","line":84,"loc":{"start":{"line":84,"column":36},"end":{"line":84,"column":51}}},"11":{"name":"(anonymous_11)","line":96,"loc":{"start":{"line":96,"column":38},"end":{"line":96,"column":53}}},"12":{"name":"(anonymous_12)","line":107,"loc":{"start":{"line":107,"column":40},"end":{"line":107,"column":55}}},"13":{"name":"(anonymous_13)","line":118,"loc":{"start":{"line":118,"column":38},"end":{"line":118,"column":60}}},"14":{"name":"(anonymous_14)","line":136,"loc":{"start":{"line":136,"column":37},"end":{"line":136,"column":60}}}},"statementMap":{"1":{"start":{"line":1,"column":-15},"end":{"line":1,"column":19}},"2":{"start":{"line":3,"column":0},"end":{"line":8,"column":2}},"3":{"start":{"line":4,"column":1},"end":{"line":4,"column":28}},"4":{"start":{"line":5,"column":1},"end":{"line":5,"column":22}},"5":{"start":{"line":7,"column":1},"end":{"line":7,"column":26}},"6":{"start":{"line":10,"column":0},"end":{"line":20,"column":2}},"7":{"start":{"line":11,"column":1},"end":{"line":19,"column":4}},"8":{"start":{"line":13,"column":2},"end":{"line":17,"column":3}},"9":{"start":{"line":14,"column":3},"end":{"line":14,"column":13}},"10":{"start":{"line":15,"column":9},"end":{"line":17,"column":3}},"11":{"start":{"line":16,"column":3},"end":{"line":16,"column":12}},"12":{"start":{"line":18,"column":2},"end":{"line":18,"column":11}},"13":{"start":{"line":22,"column":0},"end":{"line":39,"column":2}},"14":{"start":{"line":23,"column":1},"end":{"line":23,"column":28}},"15":{"start":{"line":25,"column":1},"end":{"line":25,"column":22}},"16":{"start":{"line":27,"column":1},"end":{"line":37,"column":2}},"17":{"start":{"line":28,"column":2},"end":{"line":36,"column":3}},"18":{"start":{"line":29,"column":3},"end":{"line":33,"column":4}},"19":{"start":{"line":30,"column":4},"end":{"line":30,"column":16}},"20":{"start":{"line":31,"column":4},"end":{"line":31,"column":8}},"21":{"start":{"line":32,"column":4},"end":{"line":32,"column":13}},"22":{"start":{"line":35,"column":3},"end":{"line":35,"column":25}},"23":{"start":{"line":38,"column":1},"end":{"line":38,"column":10}},"24":{"start":{"line":41,"column":0},"end":{"line":46,"column":2}},"25":{"start":{"line":42,"column":1},"end":{"line":42,"column":38}},"26":{"start":{"line":43,"column":1},"end":{"line":43,"column":41}},"27":{"start":{"line":45,"column":1},"end":{"line":45,"column":32}},"28":{"start":{"line":48,"column":0},"end":{"line":58,"column":2}},"29":{"start":{"line":49,"column":1},"end":{"line":49,"column":22}},"30":{"start":{"line":51,"column":1},"end":{"line":55,"column":2}},"31":{"start":{"line":52,"column":2},"end":{"line":54,"column":3}},"32":{"start":{"line":53,"column":3},"end":{"line":53,"column":25}},"33":{"start":{"line":57,"column":1},"end":{"line":57,"column":10}},"34":{"start":{"line":60,"column":0},"end":{"line":71,"column":2}},"35":{"start":{"line":61,"column":1},"end":{"line":61,"column":22}},"36":{"start":{"line":62,"column":1},"end":{"line":62,"column":15}},"37":{"start":{"line":63,"column":1},"end":{"line":69,"column":2}},"38":{"start":{"line":64,"column":2},"end":{"line":66,"column":3}},"39":{"start":{"line":65,"column":3},"end":{"line":65,"column":12}},"40":{"start":{"line":68,"column":2},"end":{"line":68,"column":22}},"41":{"start":{"line":70,"column":1},"end":{"line":70,"column":14}},"42":{"start":{"line":73,"column":0},"end":{"line":82,"column":2}},"43":{"start":{"line":74,"column":1},"end":{"line":74,"column":24}},"44":{"start":{"line":75,"column":1},"end":{"line":79,"column":2}},"45":{"start":{"line":76,"column":2},"end":{"line":78,"column":3}},"46":{"start":{"line":77,"column":3},"end":{"line":77,"column":12}},"47":{"start":{"line":81,"column":1},"end":{"line":81,"column":37}},"48":{"start":{"line":84,"column":0},"end":{"line":94,"column":2}},"49":{"start":{"line":85,"column":1},"end":{"line":85,"column":47}},"50":{"start":{"line":86,"column":1},"end":{"line":86,"column":45}},"51":{"start":{"line":87,"column":1},"end":{"line":87,"column":55}},"52":{"start":{"line":89,"column":1},"end":{"line":91,"column":2}},"53":{"start":{"line":90,"column":2},"end":{"line":90,"column":38}},"54":{"start":{"line":93,"column":1},"end":{"line":93,"column":10}},"55":{"start":{"line":96,"column":0},"end":{"line":105,"column":2}},"56":{"start":{"line":97,"column":1},"end":{"line":97,"column":42}},"57":{"start":{"line":98,"column":1},"end":{"line":98,"column":45}},"58":{"start":{"line":100,"column":1},"end":{"line":103,"column":2}},"59":{"start":{"line":102,"column":2},"end":{"line":102,"column":23}},"60":{"start":{"line":104,"column":1},"end":{"line":104,"column":10}},"61":{"start":{"line":107,"column":0},"end":{"line":116,"column":2}},"62":{"start":{"line":108,"column":1},"end":{"line":108,"column":38}},"63":{"start":{"line":109,"column":1},"end":{"line":109,"column":44}},"64":{"start":{"line":111,"column":1},"end":{"line":113,"column":2}},"65":{"start":{"line":112,"column":2},"end":{"line":112,"column":38}},"66":{"start":{"line":115,"column":1},"end":{"line":115,"column":10}},"67":{"start":{"line":118,"column":0},"end":{"line":134,"column":2}},"68":{"start":{"line":119,"column":1},"end":{"line":119,"column":31}},"69":{"start":{"line":120,"column":1},"end":{"line":120,"column":32}},"70":{"start":{"line":122,"column":1},"end":{"line":132,"column":2}},"71":{"start":{"line":123,"column":2},"end":{"line":123,"column":55}},"72":{"start":{"line":124,"column":2},"end":{"line":124,"column":56}},"73":{"start":{"line":125,"column":2},"end":{"line":131,"column":3}},"74":{"start":{"line":127,"column":3},"end":{"line":127,"column":56}},"75":{"start":{"line":129,"column":7},"end":{"line":131,"column":3}},"76":{"start":{"line":130,"column":3},"end":{"line":130,"column":57}},"77":{"start":{"line":133,"column":1},"end":{"line":133,"column":11}},"78":{"start":{"line":136,"column":0},"end":{"line":147,"column":2}},"79":{"start":{"line":137,"column":1},"end":{"line":137,"column":42}},"80":{"start":{"line":138,"column":1},"end":{"line":138,"column":42}},"81":{"start":{"line":140,"column":1},"end":{"line":144,"column":2}},"82":{"start":{"line":141,"column":2},"end":{"line":141,"column":49}},"83":{"start":{"line":142,"column":8},"end":{"line":144,"column":2}},"84":{"start":{"line":143,"column":2},"end":{"line":143,"column":49}},"85":{"start":{"line":146,"column":1},"end":{"line":146,"column":11}},"86":{"start":{"line":149,"column":0},"end":{"line":149,"column":23}}},"branchMap":{"1":{"line":4,"type":"binary-expr","locations":[{"start":{"line":4,"column":13},"end":{"line":4,"column":22}},{"start":{"line":4,"column":26},"end":{"line":4,"column":27}}]},"2":{"line":13,"type":"if","locations":[{"start":{"line":13,"column":2},"end":{"line":13,"column":2}},{"start":{"line":13,"column":2},"end":{"line":13,"column":2}}]},"3":{"line":15,"type":"if","locations":[{"start":{"line":15,"column":9},"end":{"line":15,"column":9}},{"start":{"line":15,"column":9},"end":{"line":15,"column":9}}]},"4":{"line":23,"type":"binary-expr","locations":[{"start":{"line":23,"column":13},"end":{"line":23,"column":22}},{"start":{"line":23,"column":26},"end":{"line":23,"column":27}}]},"5":{"line":28,"type":"if","locations":[{"start":{"line":28,"column":2},"end":{"line":28,"column":2}},{"start":{"line":28,"column":2},"end":{"line":28,"column":2}}]},"6":{"line":28,"type":"binary-expr","locations":[{"start":{"line":28,"column":5},"end":{"line":28,"column":38}},{"start":{"line":28,"column":42},"end":{"line":28,"column":69}}]},"7":{"line":29,"type":"if","locations":[{"start":{"line":29,"column":3},"end":{"line":29,"column":3}},{"start":{"line":29,"column":3},"end":{"line":29,"column":3}}]},"8":{"line":52,"type":"if","locations":[{"start":{"line":52,"column":2},"end":{"line":52,"column":2}},{"start":{"line":52,"column":2},"end":{"line":52,"column":2}}]},"9":{"line":52,"type":"binary-expr","locations":[{"start":{"line":52,"column":5},"end":{"line":52,"column":32}},{"start":{"line":52,"column":36},"end":{"line":52,"column":63}}]},"10":{"line":64,"type":"if","locations":[{"start":{"line":64,"column":2},"end":{"line":64,"column":2}},{"start":{"line":64,"column":2},"end":{"line":64,"column":2}}]},"11":{"line":64,"type":"binary-expr","locations":[{"start":{"line":64,"column":5},"end":{"line":64,"column":38}},{"start":{"line":64,"column":42},"end":{"line":64,"column":75}}]},"12":{"line":76,"type":"if","locations":[{"start":{"line":76,"column":2},"end":{"line":76,"column":2}},{"start":{"line":76,"column":2},"end":{"line":76,"column":2}}]},"13":{"line":89,"type":"if","locations":[{"start":{"line":89,"column":1},"end":{"line":89,"column":1}},{"start":{"line":89,"column":1},"end":{"line":89,"column":1}}]},"14":{"line":89,"type":"binary-expr","locations":[{"start":{"line":89,"column":4},"end":{"line":89,"column":23}},{"start":{"line":89,"column":27},"end":{"line":89,"column":46}},{"start":{"line":89,"column":50},"end":{"line":89,"column":65}},{"start":{"line":89,"column":69},"end":{"line":89,"column":91}}]},"15":{"line":100,"type":"if","locations":[{"start":{"line":100,"column":1},"end":{"line":100,"column":1}},{"start":{"line":100,"column":1},"end":{"line":100,"column":1}}]},"16":{"line":111,"type":"if","locations":[{"start":{"line":111,"column":1},"end":{"line":111,"column":1}},{"start":{"line":111,"column":1},"end":{"line":111,"column":1}}]},"17":{"line":111,"type":"binary-expr","locations":[{"start":{"line":111,"column":4},"end":{"line":111,"column":13}},{"start":{"line":111,"column":17},"end":{"line":111,"column":29}}]},"18":{"line":125,"type":"if","locations":[{"start":{"line":125,"column":2},"end":{"line":125,"column":2}},{"start":{"line":125,"column":2},"end":{"line":125,"column":2}}]},"19":{"line":129,"type":"if","locations":[{"start":{"line":129,"column":7},"end":{"line":129,"column":7}},{"start":{"line":129,"column":7},"end":{"line":129,"column":7}}]},"20":{"line":140,"type":"if","locations":[{"start":{"line":140,"column":1},"end":{"line":140,"column":1}},{"start":{"line":140,"column":1},"end":{"line":140,"column":1}}]},"21":{"line":142,"type":"if","locations":[{"start":{"line":142,"column":8},"end":{"line":142,"column":8}},{"start":{"line":142,"column":8},"end":{"line":142,"column":8}}]}}}}