TN:
SF:D:\SkyDrive\Semester06\AusgewaehlteKapitelWeb\pokerTDD\src\src.js
FN:1,Poker
FN:3,(anonymous_2)
FN:10,(anonymous_3)
FN:11,(anonymous_4)
FN:22,(anonymous_5)
FN:40,(anonymous_6)
FN:49,(anonymous_7)
FN:58,(anonymous_8)
FN:64,(anonymous_9)
FN:74,(anonymous_10)
FN:86,(anonymous_11)
FN:104,(anonymous_12)
FNF:12
FNH:12
FNDA:24,Poker
FNDA:16,(anonymous_2)
FNDA:106,(anonymous_3)
FNDA:440,(anonymous_4)
FNDA:51,(anonymous_5)
FNDA:12,(anonymous_6)
FNDA:10,(anonymous_7)
FNDA:2,(anonymous_8)
FNDA:11,(anonymous_9)
FNDA:2,(anonymous_10)
FNDA:3,(anonymous_11)
FNDA:3,(anonymous_12)
DA:1,1
DA:3,1
DA:4,16
DA:5,16
DA:7,16
DA:10,1
DA:11,106
DA:13,440
DA:14,90
DA:15,350
DA:16,278
DA:18,72
DA:22,1
DA:23,51
DA:25,51
DA:27,51
DA:28,38
DA:29,2
DA:30,2
DA:32,36
DA:33,17
DA:34,17
DA:35,17
DA:37,19
DA:40,1
DA:41,12
DA:42,12
DA:44,12
DA:45,10
DA:46,8
DA:49,1
DA:50,10
DA:51,10
DA:53,10
DA:54,7
DA:55,6
DA:58,1
DA:59,2
DA:60,2
DA:61,1
DA:64,1
DA:65,11
DA:67,11
DA:68,11
DA:69,10
DA:70,9
DA:71,6
DA:74,1
DA:75,2
DA:76,2
DA:77,2
DA:79,2
DA:80,1
DA:83,1
DA:86,1
DA:87,3
DA:88,3
DA:90,3
DA:91,7
DA:92,7
DA:93,7
DA:95,1
DA:97,6
DA:98,1
DA:101,1
DA:104,1
DA:105,3
DA:106,3
DA:108,3
DA:109,3
DA:111,3
DA:112,1
DA:113,2
DA:114,1
DA:117,1
DA:120,1
LF:76
LH:76
BRDA:4,1,0,16
BRDA:4,1,1,8
BRDA:13,2,0,90
BRDA:13,2,1,350
BRDA:15,3,0,278
BRDA:15,3,1,72
BRDA:23,4,0,51
BRDA:23,4,1,13
BRDA:27,5,0,13
BRDA:27,5,1,38
BRDA:28,6,0,2
BRDA:28,6,1,36
BRDA:28,7,0,38
BRDA:28,7,1,38
BRDA:28,7,2,19
BRDA:28,7,3,10
BRDA:32,8,0,17
BRDA:32,8,1,19
BRDA:32,9,0,36
BRDA:32,9,1,36
BRDA:33,10,0,11
BRDA:33,10,1,6
BRDA:41,11,0,12
BRDA:41,11,1,4
BRDA:44,12,0,2
BRDA:44,12,1,10
BRDA:45,13,0,2
BRDA:45,13,1,8
BRDA:45,14,0,10
BRDA:45,14,1,10
BRDA:50,15,0,10
BRDA:50,15,1,10
BRDA:53,16,0,3
BRDA:53,16,1,7
BRDA:54,17,0,1
BRDA:54,17,1,6
BRDA:60,18,0,1
BRDA:60,18,1,1
BRDA:60,19,0,2
BRDA:60,19,1,2
BRDA:67,20,0,11
BRDA:67,20,1,8
BRDA:68,21,0,1
BRDA:68,21,1,10
BRDA:68,22,0,11
BRDA:68,22,1,1
BRDA:69,23,0,1
BRDA:69,23,1,9
BRDA:70,24,0,3
BRDA:70,24,1,6
BRDA:70,25,0,9
BRDA:70,25,1,8
BRDA:79,26,0,1
BRDA:79,26,1,1
BRDA:79,27,0,2
BRDA:79,27,1,2
BRDA:93,28,0,1
BRDA:93,28,1,6
BRDA:97,29,0,1
BRDA:97,29,1,5
BRDA:111,30,0,1
BRDA:111,30,1,2
BRDA:113,31,0,1
BRDA:113,31,1,1
BRF:64
BRH:64
end_of_record
