TN:
SF:D:\SkyDrive\Semester06\AusgewaehlteKapitelWeb\pokerTDD\src\src.js
FN:1,Poker
FN:3,(anonymous_2)
FN:10,(anonymous_3)
FN:11,(anonymous_4)
FN:22,(anonymous_5)
FN:41,(anonymous_6)
FN:48,(anonymous_7)
FN:60,(anonymous_8)
FN:73,(anonymous_9)
FN:84,(anonymous_10)
FN:96,(anonymous_11)
FN:107,(anonymous_12)
FN:118,(anonymous_13)
FN:136,(anonymous_14)
FNF:14
FNH:4
FNDA:3,Poker
FNDA:1,(anonymous_2)
FNDA:1,(anonymous_3)
FNDA:10,(anonymous_4)
FNDA:0,(anonymous_5)
FNDA:0,(anonymous_6)
FNDA:0,(anonymous_7)
FNDA:0,(anonymous_8)
FNDA:0,(anonymous_9)
FNDA:0,(anonymous_10)
FNDA:0,(anonymous_11)
FNDA:0,(anonymous_12)
FNDA:0,(anonymous_13)
FNDA:0,(anonymous_14)
DA:1,1
DA:3,1
DA:4,1
DA:5,1
DA:7,1
DA:10,1
DA:11,1
DA:13,10
DA:14,0
DA:15,10
DA:16,10
DA:18,0
DA:22,1
DA:23,0
DA:25,0
DA:27,0
DA:28,0
DA:29,0
DA:30,0
DA:31,0
DA:32,0
DA:35,0
DA:38,0
DA:41,1
DA:42,0
DA:43,0
DA:45,0
DA:48,1
DA:49,0
DA:51,0
DA:52,0
DA:53,0
DA:57,0
DA:60,1
DA:61,0
DA:62,0
DA:63,0
DA:64,0
DA:65,0
DA:68,0
DA:70,0
DA:73,1
DA:74,0
DA:75,0
DA:76,0
DA:77,0
DA:81,0
DA:84,1
DA:85,0
DA:86,0
DA:87,0
DA:89,0
DA:90,0
DA:93,0
DA:96,1
DA:97,0
DA:98,0
DA:100,0
DA:102,0
DA:104,0
DA:107,1
DA:108,0
DA:109,0
DA:111,0
DA:112,0
DA:115,0
DA:118,1
DA:119,0
DA:120,0
DA:122,0
DA:123,0
DA:124,0
DA:125,0
DA:127,0
DA:129,0
DA:130,0
DA:133,0
DA:136,1
DA:137,0
DA:138,0
DA:140,0
DA:141,0
DA:142,0
DA:143,0
DA:146,0
DA:149,1
LF:86
LH:21
BRDA:4,1,0,1
BRDA:4,1,1,1
BRDA:13,2,0,0
BRDA:13,2,1,10
BRDA:15,3,0,10
BRDA:15,3,1,0
BRDA:23,4,0,0
BRDA:23,4,1,0
BRDA:28,5,0,0
BRDA:28,5,1,0
BRDA:28,6,0,0
BRDA:28,6,1,0
BRDA:29,7,0,0
BRDA:29,7,1,0
BRDA:52,8,0,0
BRDA:52,8,1,0
BRDA:52,9,0,0
BRDA:52,9,1,0
BRDA:64,10,0,0
BRDA:64,10,1,0
BRDA:64,11,0,0
BRDA:64,11,1,0
BRDA:76,12,0,0
BRDA:76,12,1,0
BRDA:89,13,0,0
BRDA:89,13,1,0
BRDA:89,14,0,0
BRDA:89,14,1,0
BRDA:89,14,2,0
BRDA:89,14,3,0
BRDA:100,15,0,0
BRDA:100,15,1,0
BRDA:111,16,0,0
BRDA:111,16,1,0
BRDA:111,17,0,0
BRDA:111,17,1,0
BRDA:125,18,0,0
BRDA:125,18,1,0
BRDA:129,19,0,0
BRDA:129,19,1,0
BRDA:140,20,0,0
BRDA:140,20,1,0
BRDA:142,21,0,0
BRDA:142,21,1,0
BRF:44
BRH:4
end_of_record
